1. Học tiếng anh qua phim

Phương pháp học tiếng anh qua phim sẽ giúp bạn bớt cảm thấy khô khan hơn trong việc học. 

Học tiếng Anh qua phim là một phương pháp học cực kỳ thú vị và hiệu quả. Tuy nhiên không phải ai cũng biết học qua phim đúng cách thay vì chỉ cày hết phim này đến phim khác. Đa phần các bạn học thường có hai nhu cầu chính là tìm phương pháp học hiệu quả và danh sách phim để luyện tập phù hợp với bản thân. 

Cách học tốt nhất cho những bạn học tiếng anh qua phim ảnh, chính là xem đi xem lại bộ phim càng nhiều lần càng tốt, ít nhất hai lần mà không cần bận tâm đến việc học tiếng Anh. Sự lặp lại sẽ giúp bạn rèn giũa đôi tai và nhớ từ. Đây là một cách học tiếng Anh bị động, mang hình thức giải trí, không gò bó, mà vẫn mang lại thay đổi cho kỹ năng nghe của bạn.

Bạn nên lựa chọn những bộ phim thuyết minh bằng tiếng việt và có vietsub bằng tiếng anh, như vậy bạn sẽ theo sát hơn được cuộc hội thoại, và ngữ cảnh xung quanh.

2. Học tiếng anh qua giấy nhớ

Một trong những phương pháp khá phổ biến đó chính là học tiếng anh qua giấy nhớ. Nếu bạn đang học từ vựng thì giấy nhớ chính là một cứu tinh giúp bạn ghi nhớ từ vựng một cách vô cùng hiệu quả.

Đầu tiên bạn phải chuẩn bị một tệp giấy nhớ dán, rồi nên mạng tìm tất cả từ vựng các đồ vật trong phòng của mình, rồi ghi ra giấy nhớ, dán lên từng món đồ. Đây là phương pháp giúp bạn ghi nhớ từ vựng một cách nhanh chóng, khi ngày nào mình cũng tiếp xúc với nó.

Ngoài ra khi bạn học từ vựng, thì cũng đừng quá tham lam, một ngày chỉ nên học từ 10-20 từ khi mới bắt đầu, nếu học nhiều quá bộ não của bạn sẽ bị quá tải, đến lúc đó sẽ bị phản tác dụng đó, cứ từ mà chắc.

3. Học tiếng anh qua bài hát

Việc học tiếng anh qua bài hát là phương pháp vô cùng hiệu quả, nó giúp bộ não của bạn tiếp thu thông tin một cách nhanh chóng và tự nhiên nhất.

Khoa học đã chỉ ra rằng âm nhạc có thể giúp người học ngôn ngữ thứ hai tiếp thu được lượng từ vựng và ngữ pháp kha khá, đồng thời cũng cải thiện chính tả nhanh chóng. 

Phương pháp này được đặt tên là “Mozart Effect – Hiệu ứng Mozart”. Khái niệm này cho rằng nghe nhạc cổ điển giúp làm tăng hiệu suất các công việc liên quan tới trí óc như học tập. Và bạn có thể sử dụng âm nhạc và ca hát để học cách nói những cụm từ đơn giản, thiết yếu cơ bản để có thể học được tiếng Anh một cách nhanh chóng.

Bạn nên lựa chọn các bản nhạc tiếng anh mà mình thích nghe, và nhớ là các bản nhạc có vietsub nhé, bởi trong bài hát tiếng anh phát ra sẽ theo kiểu giai điệu nhạc nên bạn sẽ khó có thể nhận biết đó là từ gì, nếu là người mới học.

Việc học tiếng anh qua bài hát đòi hỏi tính kiên trì chính vì vậy bạn hãy nghe đi nghe lại một bài, bao giờ hiểu được hết các từ vựng trong bài đó thì mới chuyển sang bài tiếp theo nhé.

4. Học tiếng anh tại trung tâm

Các phương pháp ở trên tôi giới thiệu cho các bạn đều là các phương pháp tự học tiếng anh tại nhà, ưu điểm của chúng là không tốn kém, nhưng nhược điểm là khá mất thời gian và nhiều khi có người học sai hướng mà không biết thì lại mất rất nhiều thời gian.

Một trong những cách giúp chúng ta có thể thành thạo tiếng anh một cách nhanh chóng nhất, chính là đến trung tâm học, có người kèm cặp, hướng dẫn giúp chúng ta có một lộ trình phù hợp nhất của bản thân. 

Phương pháp này thì đòi hỏi chúng ta phải có kinh tế, nhưng bù lại giá trị mà bạn nhận được chắc chắn sẽ không làm bạn thất vọng.

Trên đây là toàn bộ những phương pháp học tiếng anh tốt nhất ở thời điểm hiện tại, hi vọng qua bài viết này bạn sẽ lựa chọn cho mình được một cách học hợp lý nhất.